<?xml version="1.0" encoding="UTF-8"?>
<!-- Generated by org.testng.reporters.JUnitXMLReporter -->
<testsuite ignored="3" hostname="CHE-9D0SR73" failures="0" tests="4" name="Default test" time="20.893" errors="0" timestamp="2022-01-16T22:23:08 IST">
  <testcase classname="changeRequestChaining.CreateChangeRequest" name="CreateCR" time="6.95"/>
  <testcase classname="changeRequestChaining.GetAllChangeRequest" name="getChangeRequest" time="5.465"/>
  <testcase classname="changeRequestChaining.UpdateChangeRequest" name="updateCR" time="4.166"/>
  <testcase classname="changeRequestChaining.DeleteChangeRequest" name="deleteCR" time="4.251"/>
  <testcase classname="changeRequestChaining.BaseClassCR" name="@BeforeSuite baseClassChangeRequest" time="0.0">
    <ignored/>
  </testcase> <!-- @BeforeSuite baseClassChangeRequest -->
  <testcase classname="changeRequestChaining.BaseClassCR" name="@BeforeSuite baseClassChangeRequest" time="0.0">
    <ignored/>
  </testcase> <!-- @BeforeSuite baseClassChangeRequest -->
  <testcase classname="changeRequestChaining.BaseClassCR" name="@BeforeSuite baseClassChangeRequest" time="0.0">
    <ignored/>
  </testcase> <!-- @BeforeSuite baseClassChangeRequest -->
</testsuite> <!-- Default test -->
