<?xml version="1.0" encoding="UTF-8"?>
<testng-results ignored="0" total="1" passed="1" failed="0" skipped="0">
  <reporter-output>
  </reporter-output>
  <suite started-at="2022-01-23T10:44:09 IST" name="Default suite" finished-at="2022-01-23T10:44:17 IST" duration-ms="7766">
    <groups>
      <group name="cucumber">
        <method signature="AbstractTestNGCucumberTests.runScenario(io.cucumber.testng.PickleWrapper,io.cucumber.testng.FeatureWrapper)[pri:0, instance:runner.RunCreateChangeRequestCucumber@550dbc7a]" name="runScenario" class="io.cucumber.testng.AbstractTestNGCucumberTests"/>
      </group> <!-- cucumber -->
    </groups>
    <test started-at="2022-01-23T10:44:09 IST" name="Default test" finished-at="2022-01-23T10:44:17 IST" duration-ms="7766">
      <class name="runner.RunCreateChangeRequestCucumber">
        <test-method is-config="true" signature="setUpClass(org.testng.ITestContext)[pri:0, instance:runner.RunCreateChangeRequestCucumber@550dbc7a]" started-at="2022-01-23T10:44:09 IST" name="setUpClass" finished-at="2022-01-23T10:44:09 IST" duration-ms="136" status="PASS">
          <params>
            <param index="0">
              <value>
                <![CDATA[org.testng.TestRunner@58a84a12]]>
              </value>
            </param>
          </params>
          <reporter-output>
          </reporter-output>
        </test-method> <!-- setUpClass -->
        <test-method signature="runScenario(io.cucumber.testng.PickleWrapper,io.cucumber.testng.FeatureWrapper)[pri:0, instance:runner.RunCreateChangeRequestCucumber@550dbc7a]" started-at="2022-01-23T10:44:09 IST" name="runScenario" description="Runs Cucumber Scenarios" data-provider="scenarios" finished-at="2022-01-23T10:44:17 IST" duration-ms="7597" status="PASS">
          <params>
            <param index="0">
              <value>
                <![CDATA[""]]>
              </value>
            </param>
            <param index="1">
              <value>
                <![CDATA["Optional[Create an new Change Request in ServiceNow]"]]>
              </value>
            </param>
          </params>
          <reporter-output>
          </reporter-output>
        </test-method> <!-- runScenario -->
        <test-method is-config="true" signature="tearDownClass()[pri:0, instance:runner.RunCreateChangeRequestCucumber@550dbc7a]" started-at="2022-01-23T10:44:17 IST" name="tearDownClass" finished-at="2022-01-23T10:44:17 IST" duration-ms="9" status="PASS">
          <reporter-output>
          </reporter-output>
        </test-method> <!-- tearDownClass -->
      </class> <!-- runner.RunCreateChangeRequestCucumber -->
    </test> <!-- Default test -->
  </suite> <!-- Default suite -->
</testng-results>
